/HOME/paratera_xy/pxy1289/.conda/envs/audio-prm/lib/python3.10/site-packages/torch/functional.py:730: UserWarning: A window was not provided. A rectangular window will be applied,which is known to cause spectral leakage. Other windows such as torch.hann_window or torch.hamming_window are recommended to reduce spectral leakage.To suppress this warning and use a rectangular window, explicitly set `window=torch.ones(n_fft, device=<device>)`. (Triggered internally at /pytorch/aten/src/ATen/native/SpectralOps.cpp:836.)
  return _VF.stft(  # type: ignore[attr-defined]
/HOME/paratera_xy/pxy1289/.conda/envs/audio-prm/lib/python3.10/site-packages/torch/functional.py:554: UserWarning: torch.meshgrid: in an upcoming release, it will be required to pass the indexing argument. (Triggered internally at /pytorch/aten/src/ATen/native/TensorShape.cpp:4314.)
  return _VF.meshgrid(tensors, **kwargs)  # type: ignore[attr-defined]
Loading weights:   0%|          | 0/197 [00:00<?, ?it/s]Loading weights: 100%|██████████| 197/197 [00:00<00:00, 27504.09it/s]
[transformers] [1mRobertaModel LOAD REPORT[0m from: /XYFS01/HOME/paratera_xy/pxy1289/source/laion_clap_tokenizers/roberta-base
Key                       | Status     | 
--------------------------+------------+-
lm_head.dense.weight      | UNEXPECTED | 
lm_head.dense.bias        | UNEXPECTED | 
lm_head.bias              | UNEXPECTED | 
lm_head.layer_norm.weight | UNEXPECTED | 
lm_head.layer_norm.bias   | UNEXPECTED | 
pooler.dense.weight       | MISSING    | 
pooler.dense.bias         | MISSING    | 

Notes:
- UNEXPECTED:	can be ignored when loading from different task/architecture; not ok if you expect identical arch.
- MISSING:	those params were newly initialized because missing from the checkpoint. Consider training on your downstream task.
/HOME/paratera_xy/pxy1289/.conda/envs/audio-prm/lib/python3.10/site-packages/torch/nn/utils/weight_norm.py:143: FutureWarning: `torch.nn.utils.weight_norm` is deprecated in favor of `torch.nn.utils.parametrizations.weight_norm`.
  WeightNorm.apply(module, name, dim)
/HOME/paratera_xy/pxy1289/.conda/envs/audio-prm/lib/python3.10/site-packages/torch/nn/functional.py:5962: UserWarning: Support for mismatched key_padding_mask and attn_mask is deprecated. Use same type for both instead.
  warnings.warn(
