2026-07-17 00:16:19.281 | INFO     | acestep.pipeline_ace_step:get_checkpoint_path:170 - Load models from: /HOME/paratera_xy/pxy1289/.cache/modelscope/hub/models/ACE-Step/ACE-Step-v1-3___5B
/HOME/paratera_xy/pxy1289/.conda/envs/audio-prm/lib/python3.10/site-packages/torch/nn/utils/weight_norm.py:143: FutureWarning: `torch.nn.utils.weight_norm` is deprecated in favor of `torch.nn.utils.parametrizations.weight_norm`.
  WeightNorm.apply(module, name, dim)
Loading weights:   0%|          | 0/122 [00:00<?, ?it/s]Loading weights: 100%|██████████| 122/122 [00:00<00:00, 473.92it/s]Loading weights: 100%|██████████| 122/122 [00:00<00:00, 473.47it/s]
/HOME/paratera_xy/pxy1289/.conda/envs/audio-prm/lib/python3.10/site-packages/torch/functional.py:554: UserWarning: torch.meshgrid: in an upcoming release, it will be required to pass the indexing argument. (Triggered internally at /pytorch/aten/src/ATen/native/TensorShape.cpp:4314.)
  return _VF.meshgrid(tensors, **kwargs)  # type: ignore[attr-defined]
Loading weights:   0%|          | 0/197 [00:00<?, ?it/s]Loading weights: 100%|██████████| 197/197 [00:00<00:00, 9345.66it/s]
[transformers] [1mRobertaModel LOAD REPORT[0m from: /HOME/paratera_xy/pxy1289/source/laion_clap_tokenizers/roberta-base
Key                       | Status     | 
--------------------------+------------+-
lm_head.bias              | UNEXPECTED | 
lm_head.layer_norm.bias   | UNEXPECTED | 
lm_head.layer_norm.weight | UNEXPECTED | 
lm_head.dense.weight      | UNEXPECTED | 
lm_head.dense.bias        | UNEXPECTED | 
pooler.dense.weight       | MISSING    | 
pooler.dense.bias         | MISSING    | 

Notes:
- UNEXPECTED:	can be ignored when loading from different task/architecture; not ok if you expect identical arch.
- MISSING:	those params were newly initialized because missing from the checkpoint. Consider training on your downstream task.
/HOME/paratera_xy/pxy1289/.conda/envs/audio-prm/lib/python3.10/site-packages/torch/nn/utils/weight_norm.py:143: FutureWarning: `torch.nn.utils.weight_norm` is deprecated in favor of `torch.nn.utils.parametrizations.weight_norm`.
  WeightNorm.apply(module, name, dim)
/HOME/paratera_xy/pxy1289/.conda/envs/audio-prm/lib/python3.10/site-packages/torch/nn/functional.py:5962: UserWarning: Support for mismatched key_padding_mask and attn_mask is deprecated. Use same type for both instead.
  warnings.warn(
Loading weights:   0%|          | 0/211 [00:00<?, ?it/s]Loading weights: 100%|██████████| 211/211 [00:00<00:00, 34324.87it/s]
[transformers] `use_return_dict` is deprecated! Use `return_dict` instead!
/HOME/paratera_xy/pxy1289/.conda/envs/audio-prm/lib/python3.10/site-packages/torch/functional.py:730: UserWarning: A window was not provided. A rectangular window will be applied,which is known to cause spectral leakage. Other windows such as torch.hann_window or torch.hamming_window are recommended to reduce spectral leakage.To suppress this warning and use a rectangular window, explicitly set `window=torch.ones(n_fft, device=<device>)`. (Triggered internally at /pytorch/aten/src/ATen/native/SpectralOps.cpp:836.)
  return _VF.stft(  # type: ignore[attr-defined]
/HOME/paratera_xy/pxy1289/.conda/envs/audio-prm/lib/python3.10/site-packages/torch/nn/functional.py:5962: UserWarning: Support for mismatched key_padding_mask and attn_mask is deprecated. Use same type for both instead.
  warnings.warn(
/HOME/paratera_xy/pxy1289/.conda/envs/audio-prm/lib/python3.10/site-packages/torch/nn/functional.py:5962: UserWarning: Support for mismatched key_padding_mask and attn_mask is deprecated. Use same type for both instead.
  warnings.warn(
/HOME/paratera_xy/pxy1289/.conda/envs/audio-prm/lib/python3.10/site-packages/torch/nn/functional.py:5962: UserWarning: Support for mismatched key_padding_mask and attn_mask is deprecated. Use same type for both instead.
  warnings.warn(
/HOME/paratera_xy/pxy1289/.conda/envs/audio-prm/lib/python3.10/site-packages/torch/nn/functional.py:5962: UserWarning: Support for mismatched key_padding_mask and attn_mask is deprecated. Use same type for both instead.
  warnings.warn(
/HOME/paratera_xy/pxy1289/.conda/envs/audio-prm/lib/python3.10/site-packages/torch/nn/functional.py:5962: UserWarning: Support for mismatched key_padding_mask and attn_mask is deprecated. Use same type for both instead.
  warnings.warn(
/HOME/paratera_xy/pxy1289/.conda/envs/audio-prm/lib/python3.10/site-packages/torch/nn/functional.py:5962: UserWarning: Support for mismatched key_padding_mask and attn_mask is deprecated. Use same type for both instead.
  warnings.warn(
/HOME/paratera_xy/pxy1289/.conda/envs/audio-prm/lib/python3.10/site-packages/torch/nn/functional.py:5962: UserWarning: Support for mismatched key_padding_mask and attn_mask is deprecated. Use same type for both instead.
  warnings.warn(
/HOME/paratera_xy/pxy1289/.conda/envs/audio-prm/lib/python3.10/site-packages/torch/nn/functional.py:5962: UserWarning: Support for mismatched key_padding_mask and attn_mask is deprecated. Use same type for both instead.
  warnings.warn(
/HOME/paratera_xy/pxy1289/.conda/envs/audio-prm/lib/python3.10/site-packages/torch/nn/functional.py:5962: UserWarning: Support for mismatched key_padding_mask and attn_mask is deprecated. Use same type for both instead.
  warnings.warn(
/HOME/paratera_xy/pxy1289/.conda/envs/audio-prm/lib/python3.10/site-packages/torch/nn/functional.py:5962: UserWarning: Support for mismatched key_padding_mask and attn_mask is deprecated. Use same type for both instead.
  warnings.warn(
/HOME/paratera_xy/pxy1289/.conda/envs/audio-prm/lib/python3.10/site-packages/torch/nn/functional.py:5962: UserWarning: Support for mismatched key_padding_mask and attn_mask is deprecated. Use same type for both instead.
  warnings.warn(
/HOME/paratera_xy/pxy1289/.conda/envs/audio-prm/lib/python3.10/site-packages/torch/nn/functional.py:5962: UserWarning: Support for mismatched key_padding_mask and attn_mask is deprecated. Use same type for both instead.
  warnings.warn(
/HOME/paratera_xy/pxy1289/.conda/envs/audio-prm/lib/python3.10/site-packages/torch/nn/functional.py:5962: UserWarning: Support for mismatched key_padding_mask and attn_mask is deprecated. Use same type for both instead.
  warnings.warn(
/HOME/paratera_xy/pxy1289/.conda/envs/audio-prm/lib/python3.10/site-packages/torch/nn/functional.py:5962: UserWarning: Support for mismatched key_padding_mask and attn_mask is deprecated. Use same type for both instead.
  warnings.warn(
/HOME/paratera_xy/pxy1289/.conda/envs/audio-prm/lib/python3.10/site-packages/torch/nn/functional.py:5962: UserWarning: Support for mismatched key_padding_mask and attn_mask is deprecated. Use same type for both instead.
  warnings.warn(
/HOME/paratera_xy/pxy1289/.conda/envs/audio-prm/lib/python3.10/site-packages/torch/nn/functional.py:5962: UserWarning: Support for mismatched key_padding_mask and attn_mask is deprecated. Use same type for both instead.
  warnings.warn(
/HOME/paratera_xy/pxy1289/.conda/envs/audio-prm/lib/python3.10/site-packages/torch/nn/functional.py:5962: UserWarning: Support for mismatched key_padding_mask and attn_mask is deprecated. Use same type for both instead.
  warnings.warn(
/HOME/paratera_xy/pxy1289/.conda/envs/audio-prm/lib/python3.10/site-packages/torch/nn/functional.py:5962: UserWarning: Support for mismatched key_padding_mask and attn_mask is deprecated. Use same type for both instead.
  warnings.warn(
/HOME/paratera_xy/pxy1289/.conda/envs/audio-prm/lib/python3.10/site-packages/torch/nn/functional.py:5962: UserWarning: Support for mismatched key_padding_mask and attn_mask is deprecated. Use same type for both instead.
  warnings.warn(
/HOME/paratera_xy/pxy1289/.conda/envs/audio-prm/lib/python3.10/site-packages/torch/nn/functional.py:5962: UserWarning: Support for mismatched key_padding_mask and attn_mask is deprecated. Use same type for both instead.
  warnings.warn(
/HOME/paratera_xy/pxy1289/.conda/envs/audio-prm/lib/python3.10/site-packages/torch/nn/functional.py:5962: UserWarning: Support for mismatched key_padding_mask and attn_mask is deprecated. Use same type for both instead.
  warnings.warn(
/HOME/paratera_xy/pxy1289/.conda/envs/audio-prm/lib/python3.10/site-packages/torch/nn/functional.py:5962: UserWarning: Support for mismatched key_padding_mask and attn_mask is deprecated. Use same type for both instead.
  warnings.warn(
/HOME/paratera_xy/pxy1289/.conda/envs/audio-prm/lib/python3.10/site-packages/torch/nn/functional.py:5962: UserWarning: Support for mismatched key_padding_mask and attn_mask is deprecated. Use same type for both instead.
  warnings.warn(
/HOME/paratera_xy/pxy1289/.conda/envs/audio-prm/lib/python3.10/site-packages/torch/nn/functional.py:5962: UserWarning: Support for mismatched key_padding_mask and attn_mask is deprecated. Use same type for both instead.
  warnings.warn(
/HOME/paratera_xy/pxy1289/.conda/envs/audio-prm/lib/python3.10/site-packages/torch/nn/functional.py:5962: UserWarning: Support for mismatched key_padding_mask and attn_mask is deprecated. Use same type for both instead.
  warnings.warn(
/HOME/paratera_xy/pxy1289/.conda/envs/audio-prm/lib/python3.10/site-packages/torch/nn/functional.py:5962: UserWarning: Support for mismatched key_padding_mask and attn_mask is deprecated. Use same type for both instead.
  warnings.warn(
/HOME/paratera_xy/pxy1289/.conda/envs/audio-prm/lib/python3.10/site-packages/torch/nn/functional.py:5962: UserWarning: Support for mismatched key_padding_mask and attn_mask is deprecated. Use same type for both instead.
  warnings.warn(
/HOME/paratera_xy/pxy1289/.conda/envs/audio-prm/lib/python3.10/site-packages/torch/nn/functional.py:5962: UserWarning: Support for mismatched key_padding_mask and attn_mask is deprecated. Use same type for both instead.
  warnings.warn(
/HOME/paratera_xy/pxy1289/.conda/envs/audio-prm/lib/python3.10/site-packages/torch/nn/functional.py:5962: UserWarning: Support for mismatched key_padding_mask and attn_mask is deprecated. Use same type for both instead.
  warnings.warn(
/HOME/paratera_xy/pxy1289/.conda/envs/audio-prm/lib/python3.10/site-packages/torch/nn/functional.py:5962: UserWarning: Support for mismatched key_padding_mask and attn_mask is deprecated. Use same type for both instead.
  warnings.warn(
/HOME/paratera_xy/pxy1289/.conda/envs/audio-prm/lib/python3.10/site-packages/torch/nn/functional.py:5962: UserWarning: Support for mismatched key_padding_mask and attn_mask is deprecated. Use same type for both instead.
  warnings.warn(
/HOME/paratera_xy/pxy1289/.conda/envs/audio-prm/lib/python3.10/site-packages/torch/nn/functional.py:5962: UserWarning: Support for mismatched key_padding_mask and attn_mask is deprecated. Use same type for both instead.
  warnings.warn(
/HOME/paratera_xy/pxy1289/.conda/envs/audio-prm/lib/python3.10/site-packages/torch/nn/functional.py:5962: UserWarning: Support for mismatched key_padding_mask and attn_mask is deprecated. Use same type for both instead.
  warnings.warn(
/HOME/paratera_xy/pxy1289/.conda/envs/audio-prm/lib/python3.10/site-packages/torch/nn/functional.py:5962: UserWarning: Support for mismatched key_padding_mask and attn_mask is deprecated. Use same type for both instead.
  warnings.warn(
/HOME/paratera_xy/pxy1289/.conda/envs/audio-prm/lib/python3.10/site-packages/torch/nn/functional.py:5962: UserWarning: Support for mismatched key_padding_mask and attn_mask is deprecated. Use same type for both instead.
  warnings.warn(

Checkpoint path: /HOME/paratera_xy/pxy1289/panns_data/Cnn14_mAP=0.431.pth
GPU number: 1
Load our best checkpoint in the paper.
The checkpoint is already downloaded
Load Checkpoint...
logit_scale_a 	 Loaded
logit_scale_t 	 Loaded
audio_branch.spectrogram_extractor.stft.conv_real.weight 	 Loaded
audio_branch.spectrogram_extractor.stft.conv_imag.weight 	 Loaded
audio_branch.logmel_extractor.melW 	 Loaded
audio_branch.bn0.weight 	 Loaded
audio_branch.bn0.bias 	 Loaded
audio_branch.patch_embed.proj.weight 	 Loaded
audio_branch.patch_embed.proj.bias 	 Loaded
audio_branch.patch_embed.norm.weight 	 Loaded
audio_branch.patch_embed.norm.bias 	 Loaded
audio_branch.layers.0.blocks.0.norm1.weight 	 Loaded
audio_branch.layers.0.blocks.0.norm1.bias 	 Loaded
audio_branch.layers.0.blocks.0.attn.relative_position_bias_table 	 Loaded
audio_branch.layers.0.blocks.0.attn.qkv.weight 	 Loaded
audio_branch.layers.0.blocks.0.attn.qkv.bias 	 Loaded
audio_branch.layers.0.blocks.0.attn.proj.weight 	 Loaded
audio_branch.layers.0.blocks.0.attn.proj.bias 	 Loaded
audio_branch.layers.0.blocks.0.norm2.weight 	 Loaded
audio_branch.layers.0.blocks.0.norm2.bias 	 Loaded
audio_branch.layers.0.blocks.0.mlp.fc1.weight 	 Loaded
audio_branch.layers.0.blocks.0.mlp.fc1.bias 	 Loaded
audio_branch.layers.0.blocks.0.mlp.fc2.weight 	 Loaded
audio_branch.layers.0.blocks.0.mlp.fc2.bias 	 Loaded
audio_branch.layers.0.blocks.1.norm1.weight 	 Loaded
audio_branch.layers.0.blocks.1.norm1.bias 	 Loaded
audio_branch.layers.0.blocks.1.attn.relative_position_bias_table 	 Loaded
audio_branch.layers.0.blocks.1.attn.qkv.weight 	 Loaded
audio_branch.layers.0.blocks.1.attn.qkv.bias 	 Loaded
audio_branch.layers.0.blocks.1.attn.proj.weight 	 Loaded
audio_branch.layers.0.blocks.1.attn.proj.bias 	 Loaded
audio_branch.layers.0.blocks.1.norm2.weight 	 Loaded
audio_branch.layers.0.blocks.1.norm2.bias 	 Loaded
audio_branch.layers.0.blocks.1.mlp.fc1.weight 	 Loaded
audio_branch.layers.0.blocks.1.mlp.fc1.bias 	 Loaded
audio_branch.layers.0.blocks.1.mlp.fc2.weight 	 Loaded
audio_branch.layers.0.blocks.1.mlp.fc2.bias 	 Loaded
audio_branch.layers.0.downsample.reduction.weight 	 Loaded
audio_branch.layers.0.downsample.norm.weight 	 Loaded
audio_branch.layers.0.downsample.norm.bias 	 Loaded
audio_branch.layers.1.blocks.0.norm1.weight 	 Loaded
audio_branch.layers.1.blocks.0.norm1.bias 	 Loaded
audio_branch.layers.1.blocks.0.attn.relative_position_bias_table 	 Loaded
audio_branch.layers.1.blocks.0.attn.qkv.weight 	 Loaded
audio_branch.layers.1.blocks.0.attn.qkv.bias 	 Loaded
audio_branch.layers.1.blocks.0.attn.proj.weight 	 Loaded
audio_branch.layers.1.blocks.0.attn.proj.bias 	 Loaded
audio_branch.layers.1.blocks.0.norm2.weight 	 Loaded
audio_branch.layers.1.blocks.0.norm2.bias 	 Loaded
audio_branch.layers.1.blocks.0.mlp.fc1.weight 	 Loaded
audio_branch.layers.1.blocks.0.mlp.fc1.bias 	 Loaded
audio_branch.layers.1.blocks.0.mlp.fc2.weight 	 Loaded
audio_branch.layers.1.blocks.0.mlp.fc2.bias 	 Loaded
audio_branch.layers.1.blocks.1.norm1.weight 	 Loaded
audio_branch.layers.1.blocks.1.norm1.bias 	 Loaded
audio_branch.layers.1.blocks.1.attn.relative_position_bias_table 	 Loaded
audio_branch.layers.1.blocks.1.attn.qkv.weight 	 Loaded
audio_branch.layers.1.blocks.1.attn.qkv.bias 	 Loaded
audio_branch.layers.1.blocks.1.attn.proj.weight 	 Loaded
audio_branch.layers.1.blocks.1.attn.proj.bias 	 Loaded
audio_branch.layers.1.blocks.1.norm2.weight 	 Loaded
audio_branch.layers.1.blocks.1.norm2.bias 	 Loaded
audio_branch.layers.1.blocks.1.mlp.fc1.weight 	 Loaded
audio_branch.layers.1.blocks.1.mlp.fc1.bias 	 Loaded
audio_branch.layers.1.blocks.1.mlp.fc2.weight 	 Loaded
audio_branch.layers.1.blocks.1.mlp.fc2.bias 	 Loaded
audio_branch.layers.1.downsample.reduction.weight 	 Loaded
audio_branch.layers.1.downsample.norm.weight 	 Loaded
audio_branch.layers.1.downsample.norm.bias 	 Loaded
audio_branch.layers.2.blocks.0.norm1.weight 	 Loaded
audio_branch.layers.2.blocks.0.norm1.bias 	 Loaded
audio_branch.layers.2.blocks.0.attn.relative_position_bias_table 	 Loaded
audio_branch.layers.2.blocks.0.attn.qkv.weight 	 Loaded
audio_branch.layers.2.blocks.0.attn.qkv.bias 	 Loaded
audio_branch.layers.2.blocks.0.attn.proj.weight 	 Loaded
audio_branch.layers.2.blocks.0.attn.proj.bias 	 Loaded
audio_branch.layers.2.blocks.0.norm2.weight 	 Loaded
audio_branch.layers.2.blocks.0.norm2.bias 	 Loaded
audio_branch.layers.2.blocks.0.mlp.fc1.weight 	 Loaded
audio_branch.layers.2.blocks.0.mlp.fc1.bias 	 Loaded
audio_branch.layers.2.blocks.0.mlp.fc2.weight 	 Loaded
audio_branch.layers.2.blocks.0.mlp.fc2.bias 	 Loaded
audio_branch.layers.2.blocks.1.norm1.weight 	 Loaded
audio_branch.layers.2.blocks.1.norm1.bias 	 Loaded
audio_branch.layers.2.blocks.1.attn.relative_position_bias_table 	 Loaded
audio_branch.layers.2.blocks.1.attn.qkv.weight 	 Loaded
audio_branch.layers.2.blocks.1.attn.qkv.bias 	 Loaded
audio_branch.layers.2.blocks.1.attn.proj.weight 	 Loaded
audio_branch.layers.2.blocks.1.attn.proj.bias 	 Loaded
audio_branch.layers.2.blocks.1.norm2.weight 	 Loaded
audio_branch.layers.2.blocks.1.norm2.bias 	 Loaded
audio_branch.layers.2.blocks.1.mlp.fc1.weight 	 Loaded
audio_branch.layers.2.blocks.1.mlp.fc1.bias 	 Loaded
audio_branch.layers.2.blocks.1.mlp.fc2.weight 	 Loaded
audio_branch.layers.2.blocks.1.mlp.fc2.bias 	 Loaded
audio_branch.layers.2.blocks.2.norm1.weight 	 Loaded
audio_branch.layers.2.blocks.2.norm1.bias 	 Loaded
audio_branch.layers.2.blocks.2.attn.relative_position_bias_table 	 Loaded
audio_branch.layers.2.blocks.2.attn.qkv.weight 	 Loaded
audio_branch.layers.2.blocks.2.attn.qkv.bias 	 Loaded
audio_branch.layers.2.blocks.2.attn.proj.weight 	 Loaded
audio_branch.layers.2.blocks.2.attn.proj.bias 	 Loaded
audio_branch.layers.2.blocks.2.norm2.weight 	 Loaded
audio_branch.layers.2.blocks.2.norm2.bias 	 Loaded
audio_branch.layers.2.blocks.2.mlp.fc1.weight 	 Loaded
audio_branch.layers.2.blocks.2.mlp.fc1.bias 	 Loaded
audio_branch.layers.2.blocks.2.mlp.fc2.weight 	 Loaded
audio_branch.layers.2.blocks.2.mlp.fc2.bias 	 Loaded
audio_branch.layers.2.blocks.3.norm1.weight 	 Loaded
audio_branch.layers.2.blocks.3.norm1.bias 	 Loaded
audio_branch.layers.2.blocks.3.attn.relative_position_bias_table 	 Loaded
audio_branch.layers.2.blocks.3.attn.qkv.weight 	 Loaded
audio_branch.layers.2.blocks.3.attn.qkv.bias 	 Loaded
audio_branch.layers.2.blocks.3.attn.proj.weight 	 Loaded
audio_branch.layers.2.blocks.3.attn.proj.bias 	 Loaded
audio_branch.layers.2.blocks.3.norm2.weight 	 Loaded
audio_branch.layers.2.blocks.3.norm2.bias 	 Loaded
audio_branch.layers.2.blocks.3.mlp.fc1.weight 	 Loaded
audio_branch.layers.2.blocks.3.mlp.fc1.bias 	 Loaded
audio_branch.layers.2.blocks.3.mlp.fc2.weight 	 Loaded
audio_branch.layers.2.blocks.3.mlp.fc2.bias 	 Loaded
audio_branch.layers.2.blocks.4.norm1.weight 	 Loaded
audio_branch.layers.2.blocks.4.norm1.bias 	 Loaded
audio_branch.layers.2.blocks.4.attn.relative_position_bias_table 	 Loaded
audio_branch.layers.2.blocks.4.attn.qkv.weight 	 Loaded
audio_branch.layers.2.blocks.4.attn.qkv.bias 	 Loaded
audio_branch.layers.2.blocks.4.attn.proj.weight 	 Loaded
audio_branch.layers.2.blocks.4.attn.proj.bias 	 Loaded
audio_branch.layers.2.blocks.4.norm2.weight 	 Loaded
audio_branch.layers.2.blocks.4.norm2.bias 	 Loaded
audio_branch.layers.2.blocks.4.mlp.fc1.weight 	 Loaded
audio_branch.layers.2.blocks.4.mlp.fc1.bias 	 Loaded
audio_branch.layers.2.blocks.4.mlp.fc2.weight 	 Loaded
audio_branch.layers.2.blocks.4.mlp.fc2.bias 	 Loaded
audio_branch.layers.2.blocks.5.norm1.weight 	 Loaded
audio_branch.layers.2.blocks.5.norm1.bias 	 Loaded
audio_branch.layers.2.blocks.5.attn.relative_position_bias_table 	 Loaded
audio_branch.layers.2.blocks.5.attn.qkv.weight 	 Loaded
audio_branch.layers.2.blocks.5.attn.qkv.bias 	 Loaded
audio_branch.layers.2.blocks.5.attn.proj.weight 	 Loaded
audio_branch.layers.2.blocks.5.attn.proj.bias 	 Loaded
audio_branch.layers.2.blocks.5.norm2.weight 	 Loaded
audio_branch.layers.2.blocks.5.norm2.bias 	 Loaded
audio_branch.layers.2.blocks.5.mlp.fc1.weight 	 Loaded
audio_branch.layers.2.blocks.5.mlp.fc1.bias 	 Loaded
audio_branch.layers.2.blocks.5.mlp.fc2.weight 	 Loaded
audio_branch.layers.2.blocks.5.mlp.fc2.bias 	 Loaded
audio_branch.layers.2.downsample.reduction.weight 	 Loaded
audio_branch.layers.2.downsample.norm.weight 	 Loaded
audio_branch.layers.2.downsample.norm.bias 	 Loaded
audio_branch.layers.3.blocks.0.norm1.weight 	 Loaded
audio_branch.layers.3.blocks.0.norm1.bias 	 Loaded
audio_branch.layers.3.blocks.0.attn.relative_position_bias_table 	 Loaded
audio_branch.layers.3.blocks.0.attn.qkv.weight 	 Loaded
audio_branch.layers.3.blocks.0.attn.qkv.bias 	 Loaded
audio_branch.layers.3.blocks.0.attn.proj.weight 	 Loaded
audio_branch.layers.3.blocks.0.attn.proj.bias 	 Loaded
audio_branch.layers.3.blocks.0.norm2.weight 	 Loaded
audio_branch.layers.3.blocks.0.norm2.bias 	 Loaded
audio_branch.layers.3.blocks.0.mlp.fc1.weight 	 Loaded
audio_branch.layers.3.blocks.0.mlp.fc1.bias 	 Loaded
audio_branch.layers.3.blocks.0.mlp.fc2.weight 	 Loaded
audio_branch.layers.3.blocks.0.mlp.fc2.bias 	 Loaded
audio_branch.layers.3.blocks.1.norm1.weight 	 Loaded
audio_branch.layers.3.blocks.1.norm1.bias 	 Loaded
audio_branch.layers.3.blocks.1.attn.relative_position_bias_table 	 Loaded
audio_branch.layers.3.blocks.1.attn.qkv.weight 	 Loaded
audio_branch.layers.3.blocks.1.attn.qkv.bias 	 Loaded
audio_branch.layers.3.blocks.1.attn.proj.weight 	 Loaded
audio_branch.layers.3.blocks.1.attn.proj.bias 	 Loaded
audio_branch.layers.3.blocks.1.norm2.weight 	 Loaded
audio_branch.layers.3.blocks.1.norm2.bias 	 Loaded
audio_branch.layers.3.blocks.1.mlp.fc1.weight 	 Loaded
audio_branch.layers.3.blocks.1.mlp.fc1.bias 	 Loaded
audio_branch.layers.3.blocks.1.mlp.fc2.weight 	 Loaded
audio_branch.layers.3.blocks.1.mlp.fc2.bias 	 Loaded
audio_branch.norm.weight 	 Loaded
audio_branch.norm.bias 	 Loaded
audio_branch.tscam_conv.weight 	 Loaded
audio_branch.tscam_conv.bias 	 Loaded
audio_branch.head.weight 	 Loaded
audio_branch.head.bias 	 Loaded
text_branch.embeddings.word_embeddings.weight 	 Loaded
text_branch.embeddings.token_type_embeddings.weight 	 Loaded
text_branch.embeddings.LayerNorm.weight 	 Loaded
text_branch.embeddings.LayerNorm.bias 	 Loaded
text_branch.embeddings.position_embeddings.weight 	 Loaded
text_branch.encoder.layer.0.attention.self.query.weight 	 Loaded
text_branch.encoder.layer.0.attention.self.query.bias 	 Loaded
text_branch.encoder.layer.0.attention.self.key.weight 	 Loaded
text_branch.encoder.layer.0.attention.self.key.bias 	 Loaded
text_branch.encoder.layer.0.attention.self.value.weight 	 Loaded
text_branch.encoder.layer.0.attention.self.value.bias 	 Loaded
text_branch.encoder.layer.0.attention.output.dense.weight 	 Loaded
text_branch.encoder.layer.0.attention.output.dense.bias 	 Loaded
text_branch.encoder.layer.0.attention.output.LayerNorm.weight 	 Loaded
text_branch.encoder.layer.0.attention.output.LayerNorm.bias 	 Loaded
text_branch.encoder.layer.0.intermediate.dense.weight 	 Loaded
text_branch.encoder.layer.0.intermediate.dense.bias 	 Loaded
text_branch.encoder.layer.0.output.dense.weight 	 Loaded
text_branch.encoder.layer.0.output.dense.bias 	 Loaded
text_branch.encoder.layer.0.output.LayerNorm.weight 	 Loaded
text_branch.encoder.layer.0.output.LayerNorm.bias 	 Loaded
text_branch.encoder.layer.1.attention.self.query.weight 	 Loaded
text_branch.encoder.layer.1.attention.self.query.bias 	 Loaded
text_branch.encoder.layer.1.attention.self.key.weight 	 Loaded
text_branch.encoder.layer.1.attention.self.key.bias 	 Loaded
text_branch.encoder.layer.1.attention.self.value.weight 	 Loaded
text_branch.encoder.layer.1.attention.self.value.bias 	 Loaded
text_branch.encoder.layer.1.attention.output.dense.weight 	 Loaded
text_branch.encoder.layer.1.attention.output.dense.bias 	 Loaded
text_branch.encoder.layer.1.attention.output.LayerNorm.weight 	 Loaded
text_branch.encoder.layer.1.attention.output.LayerNorm.bias 	 Loaded
text_branch.encoder.layer.1.intermediate.dense.weight 	 Loaded
text_branch.encoder.layer.1.intermediate.dense.bias 	 Loaded
text_branch.encoder.layer.1.output.dense.weight 	 Loaded
text_branch.encoder.layer.1.output.dense.bias 	 Loaded
text_branch.encoder.layer.1.output.LayerNorm.weight 	 Loaded
text_branch.encoder.layer.1.output.LayerNorm.bias 	 Loaded
text_branch.encoder.layer.2.attention.self.query.weight 	 Loaded
text_branch.encoder.layer.2.attention.self.query.bias 	 Loaded
text_branch.encoder.layer.2.attention.self.key.weight 	 Loaded
text_branch.encoder.layer.2.attention.self.key.bias 	 Loaded
text_branch.encoder.layer.2.attention.self.value.weight 	 Loaded
text_branch.encoder.layer.2.attention.self.value.bias 	 Loaded
text_branch.encoder.layer.2.attention.output.dense.weight 	 Loaded
text_branch.encoder.layer.2.attention.output.dense.bias 	 Loaded
text_branch.encoder.layer.2.attention.output.LayerNorm.weight 	 Loaded
text_branch.encoder.layer.2.attention.output.LayerNorm.bias 	 Loaded
text_branch.encoder.layer.2.intermediate.dense.weight 	 Loaded
text_branch.encoder.layer.2.intermediate.dense.bias 	 Loaded
text_branch.encoder.layer.2.output.dense.weight 	 Loaded
text_branch.encoder.layer.2.output.dense.bias 	 Loaded
text_branch.encoder.layer.2.output.LayerNorm.weight 	 Loaded
text_branch.encoder.layer.2.output.LayerNorm.bias 	 Loaded
text_branch.encoder.layer.3.attention.self.query.weight 	 Loaded
text_branch.encoder.layer.3.attention.self.query.bias 	 Loaded
text_branch.encoder.layer.3.attention.self.key.weight 	 Loaded
text_branch.encoder.layer.3.attention.self.key.bias 	 Loaded
text_branch.encoder.layer.3.attention.self.value.weight 	 Loaded
text_branch.encoder.layer.3.attention.self.value.bias 	 Loaded
text_branch.encoder.layer.3.attention.output.dense.weight 	 Loaded
text_branch.encoder.layer.3.attention.output.dense.bias 	 Loaded
text_branch.encoder.layer.3.attention.output.LayerNorm.weight 	 Loaded
text_branch.encoder.layer.3.attention.output.LayerNorm.bias 	 Loaded
text_branch.encoder.layer.3.intermediate.dense.weight 	 Loaded
text_branch.encoder.layer.3.intermediate.dense.bias 	 Loaded
text_branch.encoder.layer.3.output.dense.weight 	 Loaded
text_branch.encoder.layer.3.output.dense.bias 	 Loaded
text_branch.encoder.layer.3.output.LayerNorm.weight 	 Loaded
text_branch.encoder.layer.3.output.LayerNorm.bias 	 Loaded
text_branch.encoder.layer.4.attention.self.query.weight 	 Loaded
text_branch.encoder.layer.4.attention.self.query.bias 	 Loaded
text_branch.encoder.layer.4.attention.self.key.weight 	 Loaded
text_branch.encoder.layer.4.attention.self.key.bias 	 Loaded
text_branch.encoder.layer.4.attention.self.value.weight 	 Loaded
text_branch.encoder.layer.4.attention.self.value.bias 	 Loaded
text_branch.encoder.layer.4.attention.output.dense.weight 	 Loaded
text_branch.encoder.layer.4.attention.output.dense.bias 	 Loaded
text_branch.encoder.layer.4.attention.output.LayerNorm.weight 	 Loaded
text_branch.encoder.layer.4.attention.output.LayerNorm.bias 	 Loaded
text_branch.encoder.layer.4.intermediate.dense.weight 	 Loaded
text_branch.encoder.layer.4.intermediate.dense.bias 	 Loaded
text_branch.encoder.layer.4.output.dense.weight 	 Loaded
text_branch.encoder.layer.4.output.dense.bias 	 Loaded
text_branch.encoder.layer.4.output.LayerNorm.weight 	 Loaded
text_branch.encoder.layer.4.output.LayerNorm.bias 	 Loaded
text_branch.encoder.layer.5.attention.self.query.weight 	 Loaded
text_branch.encoder.layer.5.attention.self.query.bias 	 Loaded
text_branch.encoder.layer.5.attention.self.key.weight 	 Loaded
text_branch.encoder.layer.5.attention.self.key.bias 	 Loaded
text_branch.encoder.layer.5.attention.self.value.weight 	 Loaded
text_branch.encoder.layer.5.attention.self.value.bias 	 Loaded
text_branch.encoder.layer.5.attention.output.dense.weight 	 Loaded
text_branch.encoder.layer.5.attention.output.dense.bias 	 Loaded
text_branch.encoder.layer.5.attention.output.LayerNorm.weight 	 Loaded
text_branch.encoder.layer.5.attention.output.LayerNorm.bias 	 Loaded
text_branch.encoder.layer.5.intermediate.dense.weight 	 Loaded
text_branch.encoder.layer.5.intermediate.dense.bias 	 Loaded
text_branch.encoder.layer.5.output.dense.weight 	 Loaded
text_branch.encoder.layer.5.output.dense.bias 	 Loaded
text_branch.encoder.layer.5.output.LayerNorm.weight 	 Loaded
text_branch.encoder.layer.5.output.LayerNorm.bias 	 Loaded
text_branch.encoder.layer.6.attention.self.query.weight 	 Loaded
text_branch.encoder.layer.6.attention.self.query.bias 	 Loaded
text_branch.encoder.layer.6.attention.self.key.weight 	 Loaded
text_branch.encoder.layer.6.attention.self.key.bias 	 Loaded
text_branch.encoder.layer.6.attention.self.value.weight 	 Loaded
text_branch.encoder.layer.6.attention.self.value.bias 	 Loaded
text_branch.encoder.layer.6.attention.output.dense.weight 	 Loaded
text_branch.encoder.layer.6.attention.output.dense.bias 	 Loaded
text_branch.encoder.layer.6.attention.output.LayerNorm.weight 	 Loaded
text_branch.encoder.layer.6.attention.output.LayerNorm.bias 	 Loaded
text_branch.encoder.layer.6.intermediate.dense.weight 	 Loaded
text_branch.encoder.layer.6.intermediate.dense.bias 	 Loaded
text_branch.encoder.layer.6.output.dense.weight 	 Loaded
text_branch.encoder.layer.6.output.dense.bias 	 Loaded
text_branch.encoder.layer.6.output.LayerNorm.weight 	 Loaded
text_branch.encoder.layer.6.output.LayerNorm.bias 	 Loaded
text_branch.encoder.layer.7.attention.self.query.weight 	 Loaded
text_branch.encoder.layer.7.attention.self.query.bias 	 Loaded
text_branch.encoder.layer.7.attention.self.key.weight 	 Loaded
text_branch.encoder.layer.7.attention.self.key.bias 	 Loaded
text_branch.encoder.layer.7.attention.self.value.weight 	 Loaded
text_branch.encoder.layer.7.attention.self.value.bias 	 Loaded
text_branch.encoder.layer.7.attention.output.dense.weight 	 Loaded
text_branch.encoder.layer.7.attention.output.dense.bias 	 Loaded
text_branch.encoder.layer.7.attention.output.LayerNorm.weight 	 Loaded
text_branch.encoder.layer.7.attention.output.LayerNorm.bias 	 Loaded
text_branch.encoder.layer.7.intermediate.dense.weight 	 Loaded
text_branch.encoder.layer.7.intermediate.dense.bias 	 Loaded
text_branch.encoder.layer.7.output.dense.weight 	 Loaded
text_branch.encoder.layer.7.output.dense.bias 	 Loaded
text_branch.encoder.layer.7.output.LayerNorm.weight 	 Loaded
text_branch.encoder.layer.7.output.LayerNorm.bias 	 Loaded
text_branch.encoder.layer.8.attention.self.query.weight 	 Loaded
text_branch.encoder.layer.8.attention.self.query.bias 	 Loaded
text_branch.encoder.layer.8.attention.self.key.weight 	 Loaded
text_branch.encoder.layer.8.attention.self.key.bias 	 Loaded
text_branch.encoder.layer.8.attention.self.value.weight 	 Loaded
text_branch.encoder.layer.8.attention.self.value.bias 	 Loaded
text_branch.encoder.layer.8.attention.output.dense.weight 	 Loaded
text_branch.encoder.layer.8.attention.output.dense.bias 	 Loaded
text_branch.encoder.layer.8.attention.output.LayerNorm.weight 	 Loaded
text_branch.encoder.layer.8.attention.output.LayerNorm.bias 	 Loaded
text_branch.encoder.layer.8.intermediate.dense.weight 	 Loaded
text_branch.encoder.layer.8.intermediate.dense.bias 	 Loaded
text_branch.encoder.layer.8.output.dense.weight 	 Loaded
text_branch.encoder.layer.8.output.dense.bias 	 Loaded
text_branch.encoder.layer.8.output.LayerNorm.weight 	 Loaded
text_branch.encoder.layer.8.output.LayerNorm.bias 	 Loaded
text_branch.encoder.layer.9.attention.self.query.weight 	 Loaded
text_branch.encoder.layer.9.attention.self.query.bias 	 Loaded
text_branch.encoder.layer.9.attention.self.key.weight 	 Loaded
text_branch.encoder.layer.9.attention.self.key.bias 	 Loaded
text_branch.encoder.layer.9.attention.self.value.weight 	 Loaded
text_branch.encoder.layer.9.attention.self.value.bias 	 Loaded
text_branch.encoder.layer.9.attention.output.dense.weight 	 Loaded
text_branch.encoder.layer.9.attention.output.dense.bias 	 Loaded
text_branch.encoder.layer.9.attention.output.LayerNorm.weight 	 Loaded
text_branch.encoder.layer.9.attention.output.LayerNorm.bias 	 Loaded
text_branch.encoder.layer.9.intermediate.dense.weight 	 Loaded
text_branch.encoder.layer.9.intermediate.dense.bias 	 Loaded
text_branch.encoder.layer.9.output.dense.weight 	 Loaded
text_branch.encoder.layer.9.output.dense.bias 	 Loaded
text_branch.encoder.layer.9.output.LayerNorm.weight 	 Loaded
text_branch.encoder.layer.9.output.LayerNorm.bias 	 Loaded
text_branch.encoder.layer.10.attention.self.query.weight 	 Loaded
text_branch.encoder.layer.10.attention.self.query.bias 	 Loaded
text_branch.encoder.layer.10.attention.self.key.weight 	 Loaded
text_branch.encoder.layer.10.attention.self.key.bias 	 Loaded
text_branch.encoder.layer.10.attention.self.value.weight 	 Loaded
text_branch.encoder.layer.10.attention.self.value.bias 	 Loaded
text_branch.encoder.layer.10.attention.output.dense.weight 	 Loaded
text_branch.encoder.layer.10.attention.output.dense.bias 	 Loaded
text_branch.encoder.layer.10.attention.output.LayerNorm.weight 	 Loaded
text_branch.encoder.layer.10.attention.output.LayerNorm.bias 	 Loaded
text_branch.encoder.layer.10.intermediate.dense.weight 	 Loaded
text_branch.encoder.layer.10.intermediate.dense.bias 	 Loaded
text_branch.encoder.layer.10.output.dense.weight 	 Loaded
text_branch.encoder.layer.10.output.dense.bias 	 Loaded
text_branch.encoder.layer.10.output.LayerNorm.weight 	 Loaded
text_branch.encoder.layer.10.output.LayerNorm.bias 	 Loaded
text_branch.encoder.layer.11.attention.self.query.weight 	 Loaded
text_branch.encoder.layer.11.attention.self.query.bias 	 Loaded
text_branch.encoder.layer.11.attention.self.key.weight 	 Loaded
text_branch.encoder.layer.11.attention.self.key.bias 	 Loaded
text_branch.encoder.layer.11.attention.self.value.weight 	 Loaded
text_branch.encoder.layer.11.attention.self.value.bias 	 Loaded
text_branch.encoder.layer.11.attention.output.dense.weight 	 Loaded
text_branch.encoder.layer.11.attention.output.dense.bias 	 Loaded
text_branch.encoder.layer.11.attention.output.LayerNorm.weight 	 Loaded
text_branch.encoder.layer.11.attention.output.LayerNorm.bias 	 Loaded
text_branch.encoder.layer.11.intermediate.dense.weight 	 Loaded
text_branch.encoder.layer.11.intermediate.dense.bias 	 Loaded
text_branch.encoder.layer.11.output.dense.weight 	 Loaded
text_branch.encoder.layer.11.output.dense.bias 	 Loaded
text_branch.encoder.layer.11.output.LayerNorm.weight 	 Loaded
text_branch.encoder.layer.11.output.LayerNorm.bias 	 Loaded
text_branch.pooler.dense.weight 	 Loaded
text_branch.pooler.dense.bias 	 Loaded
text_transform.sequential.0.weight 	 Loaded
text_transform.sequential.0.bias 	 Loaded
text_transform.sequential.3.weight 	 Loaded
text_transform.sequential.3.bias 	 Loaded
text_projection.0.weight 	 Loaded
text_projection.0.bias 	 Loaded
text_projection.2.weight 	 Loaded
text_projection.2.bias 	 Loaded
audio_transform.sequential.0.weight 	 Loaded
audio_transform.sequential.0.bias 	 Loaded
audio_transform.sequential.3.weight 	 Loaded
audio_transform.sequential.3.bias 	 Loaded
audio_projection.0.weight 	 Loaded
audio_projection.0.bias 	 Loaded
audio_projection.2.weight 	 Loaded
audio_projection.2.bias 	 Loaded
WARNING: feature_extractor_cqt requires the libray 'nnAudio'
{"state_id": "dev_0023__seed2063800000__step06", "status": "PASS"}
{"state_id": "dev_0023__seed2063800000__step12", "status": "PASS"}
{"state_id": "dev_0023__seed2063800000__step18", "status": "PASS"}
{"state_id": "dev_0023__seed2063810000__step06", "status": "PASS"}
{"state_id": "dev_0023__seed2063810000__step12", "status": "PASS"}
{"state_id": "dev_0023__seed2063810000__step18", "status": "PASS"}
{"state_id": "dev_0080__seed2061400000__step06", "status": "PASS"}
{"state_id": "dev_0080__seed2061400000__step12", "status": "PASS"}
{"state_id": "dev_0080__seed2061400000__step18", "status": "PASS"}
{"state_id": "dev_0080__seed2061410000__step06", "status": "PASS"}
{"state_id": "dev_0080__seed2061410000__step12", "status": "PASS"}
{"state_id": "dev_0080__seed2061410000__step18", "status": "PASS"}
{"state_id": "dev_0087__seed2060600000__step06", "status": "PASS"}
{"state_id": "dev_0087__seed2060600000__step12", "status": "PASS"}
{"state_id": "dev_0087__seed2060600000__step18", "status": "PASS"}
{"state_id": "dev_0087__seed2060610000__step06", "status": "PASS"}
{"state_id": "dev_0087__seed2060610000__step12", "status": "PASS"}
{"state_id": "dev_0087__seed2060610000__step18", "status": "PASS"}
{"state_id": "dev_0159__seed2063000000__step06", "status": "PASS"}
{"state_id": "dev_0159__seed2063000000__step12", "status": "PASS"}
{"state_id": "dev_0159__seed2063000000__step18", "status": "PASS"}
{"state_id": "dev_0159__seed2063010000__step06", "status": "PASS"}
{"state_id": "dev_0159__seed2063010000__step12", "status": "PASS"}
{"state_id": "dev_0159__seed2063010000__step18", "status": "PASS"}
{"state_id": "dev_0160__seed2062200000__step06", "status": "PASS"}
{"state_id": "dev_0160__seed2062200000__step12", "status": "PASS"}
{"state_id": "dev_0160__seed2062200000__step18", "status": "PASS"}
{"state_id": "dev_0160__seed2062210000__step06", "status": "PASS"}
{"state_id": "dev_0160__seed2062210000__step12", "status": "PASS"}
{"state_id": "dev_0160__seed2062210000__step18", "status": "PASS"}
{"state_id": "dev_0217__seed2064600000__step06", "status": "PASS"}
{"state_id": "dev_0217__seed2064600000__step12", "status": "PASS"}
{"state_id": "dev_0217__seed2064600000__step18", "status": "PASS"}
{"state_id": "dev_0217__seed2064610000__step06", "status": "PASS"}
{"state_id": "dev_0217__seed2064610000__step12", "status": "PASS"}
{"state_id": "dev_0217__seed2064610000__step18", "status": "PASS"}
{"new": 36, "num_workers": 8, "recovered": 0, "shard": "/XYFS02/HDD_POOL/paratera_xy/pxy1289/HaocunYe/Research/AudioDiffusion/orbit-research/adsr_phase2_20260604/paper_prep/tier3_bolt_20260715/gate15a_feature_shards/worker_06_of_08.jsonl", "worker": 6}

