Looking in indexes: https://download.pytorch.org/whl/cu121
Collecting torch==2.5.1+cu121
  Downloading https://download-r2.pytorch.org/whl/cu121/torch-2.5.1%2Bcu121-cp310-cp310-linux_x86_64.whl (780.4 MB)
ERROR: Could not install packages due to an OSError: [Errno 28] No space left on device

     ━━━━━━━━━━━╸                            234.4/780.4 MB 2.1 MB/s eta 0:04:26
WARNING: There was an error checking the latest version of pip.

=== RETRY_WITH_XYFS02_TMP 2026-07-12T20:05:38+08:00 ===
Looking in indexes: https://download.pytorch.org/whl/cu121
Collecting torch==2.5.1+cu121
  Downloading https://download-r2.pytorch.org/whl/cu121/torch-2.5.1%2Bcu121-cp310-cp310-linux_x86_64.whl (780.4 MB)
     ━━━━━━━━━━━━━━━━━━━━━━━━━━━━━━━━━━━━━━━ 780.4/780.4 MB 2.1 MB/s eta 0:00:00
Collecting torchaudio==2.5.1+cu121
  Downloading https://download-r2.pytorch.org/whl/cu121/torchaudio-2.5.1%2Bcu121-cp310-cp310-linux_x86_64.whl (3.4 MB)
     ━━━━━━━━━━━━━━━━━━━━━━━━━━━━━━━━━━━━━━━━ 3.4/3.4 MB 2.3 MB/s eta 0:00:00
Collecting torchvision==0.20.1+cu121
  Downloading https://download-r2.pytorch.org/whl/cu121/torchvision-0.20.1%2Bcu121-cp310-cp310-linux_x86_64.whl (7.3 MB)
     ━━━━━━━━━━━━━━━━━━━━━━━━━━━━━━━━━━━━━━━━ 7.3/7.3 MB 2.2 MB/s eta 0:00:00
Collecting sympy==1.13.1
  Obtaining dependency information for sympy==1.13.1 from https://files.pythonhosted.org/packages/b2/fe/81695a1aa331a842b582453b605175f419fe8540355886031328089d840a/sympy-1.13.1-py3-none-any.whl.metadata
  Downloading sympy-1.13.1-py3-none-any.whl.metadata (12 kB)
Collecting nvidia-cufft-cu12==11.0.2.54
  Downloading https://download.pytorch.org/whl/cu121/nvidia_cufft_cu12-11.0.2.54-py3-none-manylinux1_x86_64.whl (121.6 MB)
     ━━━━━━━━━━━━━━━━━━━━━━━━━━━━━━━━━━━━━━━ 121.6/121.6 MB 2.0 MB/s eta 0:00:00
Collecting nvidia-cuda-runtime-cu12==12.1.105
  Downloading https://download.pytorch.org/whl/cu121/nvidia_cuda_runtime_cu12-12.1.105-py3-none-manylinux1_x86_64.whl (823 kB)
     ━━━━━━━━━━━━━━━━━━━━━━━━━━━━━━━━━━━━━━━ 823.6/823.6 kB 2.8 MB/s eta 0:00:00
Requirement already satisfied: fsspec in /HOME/paratera_xy/pxy1289/.local/lib/python3.10/site-packages (from torch==2.5.1+cu121) (2026.4.0)
Collecting nvidia-cudnn-cu12==9.1.0.70
  Downloading https://download.pytorch.org/whl/cu121/nvidia_cudnn_cu12-9.1.0.70-py3-none-manylinux2014_x86_64.whl (664.8 MB)
     ━━━━━━━━━━━━━━━━━━━━━━━━━━━━━━━━━━━━━ 664.8/664.8 MB 689.8 kB/s eta 0:00:00
Collecting nvidia-nccl-cu12==2.21.5
  Downloading https://download.pytorch.org/whl/nvidia_nccl_cu12-2.21.5-py3-none-manylinux2014_x86_64.whl (188.7 MB)
=== SERIAL_INSTALL_CANCELLED_AFTER_CUDNN_PRESERVED 2026-07-12T20:23:05+08:00 ===

=== RETRY_WITH_XYFS02_TMP 2026-07-12T20:31:01+08:00 ===
Looking in links: /XYFS02/HDD_POOL/paratera_xy/pxy1289/HaocunYe/Research/AudioDiffusion_envs/w2_torch251_wheelhouse
Processing /XYFS02/HDD_POOL/paratera_xy/pxy1289/HaocunYe/Research/AudioDiffusion_envs/w2_torch251_wheelhouse/torch-2.5.1+cu121-cp310-cp310-linux_x86_64.whl
Processing /XYFS02/HDD_POOL/paratera_xy/pxy1289/HaocunYe/Research/AudioDiffusion_envs/w2_torch251_wheelhouse/torchaudio-2.5.1+cu121-cp310-cp310-linux_x86_64.whl
Processing /XYFS02/HDD_POOL/paratera_xy/pxy1289/HaocunYe/Research/AudioDiffusion_envs/w2_torch251_wheelhouse/torchvision-0.20.1+cu121-cp310-cp310-linux_x86_64.whl
Processing /XYFS02/HDD_POOL/paratera_xy/pxy1289/HaocunYe/Research/AudioDiffusion_envs/w2_torch251_wheelhouse/nvidia_cusolver_cu12-11.4.5.107-py3-none-manylinux1_x86_64.whl
Requirement already satisfied: networkx in /HOME/paratera_xy/pxy1289/.conda/envs/audio-prm/lib/python3.10/site-packages (from torch==2.5.1+cu121) (3.4.2)
Requirement already satisfied: filelock in /HOME/paratera_xy/pxy1289/.local/lib/python3.10/site-packages (from torch==2.5.1+cu121) (3.29.1)
Processing /XYFS02/HDD_POOL/paratera_xy/pxy1289/HaocunYe/Research/AudioDiffusion_envs/w2_torch251_wheelhouse/triton-3.1.0-cp310-cp310-manylinux_2_17_x86_64.manylinux2014_x86_64.whl
Processing /XYFS02/HDD_POOL/paratera_xy/pxy1289/HaocunYe/Research/AudioDiffusion_envs/w2_torch251_wheelhouse/nvidia_cublas_cu12-12.1.3.1-py3-none-manylinux1_x86_64.whl
Processing /XYFS02/HDD_POOL/paratera_xy/pxy1289/HaocunYe/Research/AudioDiffusion_envs/w2_torch251_wheelhouse/nvidia_cusparse_cu12-12.1.0.106-py3-none-manylinux1_x86_64.whl
Requirement already satisfied: fsspec in /HOME/paratera_xy/pxy1289/.local/lib/python3.10/site-packages (from torch==2.5.1+cu121) (2026.4.0)
Processing /XYFS02/HDD_POOL/paratera_xy/pxy1289/HaocunYe/Research/AudioDiffusion_envs/w2_torch251_wheelhouse/nvidia_cuda_cupti_cu12-12.1.105-py3-none-manylinux1_x86_64.whl
Processing /XYFS02/HDD_POOL/paratera_xy/pxy1289/HaocunYe/Research/AudioDiffusion_envs/w2_torch251_wheelhouse/nvidia_cudnn_cu12-9.1.0.70-py3-none-manylinux2014_x86_64.whl
Processing /XYFS02/HDD_POOL/paratera_xy/pxy1289/HaocunYe/Research/AudioDiffusion_envs/w2_torch251_wheelhouse/nvidia_nccl_cu12-2.21.5-py3-none-manylinux2014_x86_64.whl
Processing /XYFS02/HDD_POOL/paratera_xy/pxy1289/HaocunYe/Research/AudioDiffusion_envs/w2_torch251_wheelhouse/nvidia_curand_cu12-10.3.2.106-py3-none-manylinux1_x86_64.whl
Processing /XYFS02/HDD_POOL/paratera_xy/pxy1289/HaocunYe/Research/AudioDiffusion_envs/w2_torch251_wheelhouse/nvidia_cuda_runtime_cu12-12.1.105-py3-none-manylinux1_x86_64.whl
Processing /XYFS02/HDD_POOL/paratera_xy/pxy1289/HaocunYe/Research/AudioDiffusion_envs/w2_torch251_wheelhouse/nvidia_cufft_cu12-11.0.2.54-py3-none-manylinux1_x86_64.whl
Requirement already satisfied: typing-extensions>=4.8.0 in /HOME/paratera_xy/pxy1289/.local/lib/python3.10/site-packages (from torch==2.5.1+cu121) (4.15.0)
Requirement already satisfied: jinja2 in /HOME/paratera_xy/pxy1289/.conda/envs/audio-prm/lib/python3.10/site-packages (from torch==2.5.1+cu121) (3.1.6)
Processing /XYFS02/HDD_POOL/paratera_xy/pxy1289/HaocunYe/Research/AudioDiffusion_envs/w2_torch251_wheelhouse/nvidia_nvtx_cu12-12.1.105-py3-none-manylinux1_x86_64.whl
Processing /XYFS02/HDD_POOL/paratera_xy/pxy1289/HaocunYe/Research/AudioDiffusion_envs/w2_torch251_wheelhouse/sympy-1.13.1-py3-none-any.whl
Processing /XYFS02/HDD_POOL/paratera_xy/pxy1289/HaocunYe/Research/AudioDiffusion_envs/w2_torch251_wheelhouse/nvidia_cuda_nvrtc_cu12-12.1.105-py3-none-manylinux1_x86_64.whl
Requirement already satisfied: pillow!=8.3.*,>=5.3.0 in /HOME/paratera_xy/pxy1289/.conda/envs/audio-prm/lib/python3.10/site-packages (from torchvision==0.20.1+cu121) (12.2.0)
Requirement already satisfied: numpy in /HOME/paratera_xy/pxy1289/.local/lib/python3.10/site-packages (from torchvision==0.20.1+cu121) (2.2.6)
Requirement already satisfied: nvidia-nvjitlink-cu12 in /HOME/paratera_xy/pxy1289/.conda/envs/audio-prm/lib/python3.10/site-packages (from nvidia-cusolver-cu12==11.4.5.107->torch==2.5.1+cu121) (12.6.85)
Requirement already satisfied: mpmath<1.4,>=1.1.0 in /HOME/paratera_xy/pxy1289/.conda/envs/audio-prm/lib/python3.10/site-packages (from sympy==1.13.1->torch==2.5.1+cu121) (1.3.0)
Requirement already satisfied: MarkupSafe>=2.0 in /HOME/paratera_xy/pxy1289/.conda/envs/audio-prm/lib/python3.10/site-packages (from jinja2->torch==2.5.1+cu121) (3.0.3)
Installing collected packages: triton, sympy, nvidia-nvtx-cu12, nvidia-nccl-cu12, nvidia-cusparse-cu12, nvidia-curand-cu12, nvidia-cufft-cu12, nvidia-cuda-runtime-cu12, nvidia-cuda-nvrtc-cu12, nvidia-cuda-cupti-cu12, nvidia-cublas-cu12, nvidia-cusolver-cu12, nvidia-cudnn-cu12, torch, torchvision, torchaudio
  Attempting uninstall: triton
    Found existing installation: triton 3.3.1
    Not uninstalling triton at /HOME/paratera_xy/pxy1289/.conda/envs/audio-prm/lib/python3.10/site-packages, outside environment /XYFS02/HDD_POOL/paratera_xy/pxy1289/HaocunYe/Research/AudioDiffusion_envs/w2-torch251
    Can't uninstall 'triton'. No files were found to uninstall.
  Attempting uninstall: sympy
    Found existing installation: sympy 1.14.0
    Not uninstalling sympy at /HOME/paratera_xy/pxy1289/.conda/envs/audio-prm/lib/python3.10/site-packages, outside environment /XYFS02/HDD_POOL/paratera_xy/pxy1289/HaocunYe/Research/AudioDiffusion_envs/w2-torch251
    Can't uninstall 'sympy'. No files were found to uninstall.
  Attempting uninstall: nvidia-nvtx-cu12
    Found existing installation: nvidia-nvtx-cu12 12.6.77
    Not uninstalling nvidia-nvtx-cu12 at /HOME/paratera_xy/pxy1289/.conda/envs/audio-prm/lib/python3.10/site-packages, outside environment /XYFS02/HDD_POOL/paratera_xy/pxy1289/HaocunYe/Research/AudioDiffusion_envs/w2-torch251
    Can't uninstall 'nvidia-nvtx-cu12'. No files were found to uninstall.
  Attempting uninstall: nvidia-nccl-cu12
    Found existing installation: nvidia-nccl-cu12 2.26.2
    Not uninstalling nvidia-nccl-cu12 at /HOME/paratera_xy/pxy1289/.conda/envs/audio-prm/lib/python3.10/site-packages, outside environment /XYFS02/HDD_POOL/paratera_xy/pxy1289/HaocunYe/Research/AudioDiffusion_envs/w2-torch251
    Can't uninstall 'nvidia-nccl-cu12'. No files were found to uninstall.
  Attempting uninstall: nvidia-cusparse-cu12
    Found existing installation: nvidia-cusparse-cu12 12.5.4.2
    Not uninstalling nvidia-cusparse-cu12 at /HOME/paratera_xy/pxy1289/.conda/envs/audio-prm/lib/python3.10/site-packages, outside environment /XYFS02/HDD_POOL/paratera_xy/pxy1289/HaocunYe/Research/AudioDiffusion_envs/w2-torch251
    Can't uninstall 'nvidia-cusparse-cu12'. No files were found to uninstall.
  Attempting uninstall: nvidia-curand-cu12
    Found existing installation: nvidia-curand-cu12 10.3.7.77
    Not uninstalling nvidia-curand-cu12 at /HOME/paratera_xy/pxy1289/.conda/envs/audio-prm/lib/python3.10/site-packages, outside environment /XYFS02/HDD_POOL/paratera_xy/pxy1289/HaocunYe/Research/AudioDiffusion_envs/w2-torch251
    Can't uninstall 'nvidia-curand-cu12'. No files were found to uninstall.
  Attempting uninstall: nvidia-cufft-cu12
    Found existing installation: nvidia-cufft-cu12 11.3.0.4
    Not uninstalling nvidia-cufft-cu12 at /HOME/paratera_xy/pxy1289/.conda/envs/audio-prm/lib/python3.10/site-packages, outside environment /XYFS02/HDD_POOL/paratera_xy/pxy1289/HaocunYe/Research/AudioDiffusion_envs/w2-torch251
    Can't uninstall 'nvidia-cufft-cu12'. No files were found to uninstall.
  Attempting uninstall: nvidia-cuda-runtime-cu12
    Found existing installation: nvidia-cuda-runtime-cu12 12.6.77
    Not uninstalling nvidia-cuda-runtime-cu12 at /HOME/paratera_xy/pxy1289/.conda/envs/audio-prm/lib/python3.10/site-packages, outside environment /XYFS02/HDD_POOL/paratera_xy/pxy1289/HaocunYe/Research/AudioDiffusion_envs/w2-torch251
    Can't uninstall 'nvidia-cuda-runtime-cu12'. No files were found to uninstall.
  Attempting uninstall: nvidia-cuda-nvrtc-cu12
    Found existing installation: nvidia-cuda-nvrtc-cu12 12.6.77
    Not uninstalling nvidia-cuda-nvrtc-cu12 at /HOME/paratera_xy/pxy1289/.conda/envs/audio-prm/lib/python3.10/site-packages, outside environment /XYFS02/HDD_POOL/paratera_xy/pxy1289/HaocunYe/Research/AudioDiffusion_envs/w2-torch251
    Can't uninstall 'nvidia-cuda-nvrtc-cu12'. No files were found to uninstall.
  Attempting uninstall: nvidia-cuda-cupti-cu12
    Found existing installation: nvidia-cuda-cupti-cu12 12.6.80
    Not uninstalling nvidia-cuda-cupti-cu12 at /HOME/paratera_xy/pxy1289/.conda/envs/audio-prm/lib/python3.10/site-packages, outside environment /XYFS02/HDD_POOL/paratera_xy/pxy1289/HaocunYe/Research/AudioDiffusion_envs/w2-torch251
    Can't uninstall 'nvidia-cuda-cupti-cu12'. No files were found to uninstall.
  Attempting uninstall: nvidia-cublas-cu12
    Found existing installation: nvidia-cublas-cu12 12.6.4.1
    Not uninstalling nvidia-cublas-cu12 at /HOME/paratera_xy/pxy1289/.conda/envs/audio-prm/lib/python3.10/site-packages, outside environment /XYFS02/HDD_POOL/paratera_xy/pxy1289/HaocunYe/Research/AudioDiffusion_envs/w2-torch251
    Can't uninstall 'nvidia-cublas-cu12'. No files were found to uninstall.
  Attempting uninstall: nvidia-cusolver-cu12
    Found existing installation: nvidia-cusolver-cu12 11.7.1.2
    Not uninstalling nvidia-cusolver-cu12 at /HOME/paratera_xy/pxy1289/.conda/envs/audio-prm/lib/python3.10/site-packages, outside environment /XYFS02/HDD_POOL/paratera_xy/pxy1289/HaocunYe/Research/AudioDiffusion_envs/w2-torch251
    Can't uninstall 'nvidia-cusolver-cu12'. No files were found to uninstall.
  Attempting uninstall: nvidia-cudnn-cu12
    Found existing installation: nvidia-cudnn-cu12 9.5.1.17
    Not uninstalling nvidia-cudnn-cu12 at /HOME/paratera_xy/pxy1289/.conda/envs/audio-prm/lib/python3.10/site-packages, outside environment /XYFS02/HDD_POOL/paratera_xy/pxy1289/HaocunYe/Research/AudioDiffusion_envs/w2-torch251
    Can't uninstall 'nvidia-cudnn-cu12'. No files were found to uninstall.
  Attempting uninstall: torch
    Found existing installation: torch 2.7.1
    Not uninstalling torch at /HOME/paratera_xy/pxy1289/.conda/envs/audio-prm/lib/python3.10/site-packages, outside environment /XYFS02/HDD_POOL/paratera_xy/pxy1289/HaocunYe/Research/AudioDiffusion_envs/w2-torch251
    Can't uninstall 'torch'. No files were found to uninstall.
  Attempting uninstall: torchvision
    Found existing installation: torchvision 0.22.1
    Not uninstalling torchvision at /HOME/paratera_xy/pxy1289/.conda/envs/audio-prm/lib/python3.10/site-packages, outside environment /XYFS02/HDD_POOL/paratera_xy/pxy1289/HaocunYe/Research/AudioDiffusion_envs/w2-torch251
    Can't uninstall 'torchvision'. No files were found to uninstall.
  Attempting uninstall: torchaudio
    Found existing installation: torchaudio 2.7.1
    Not uninstalling torchaudio at /HOME/paratera_xy/pxy1289/.conda/envs/audio-prm/lib/python3.10/site-packages, outside environment /XYFS02/HDD_POOL/paratera_xy/pxy1289/HaocunYe/Research/AudioDiffusion_envs/w2-torch251
    Can't uninstall 'torchaudio'. No files were found to uninstall.
ERROR: pip's dependency resolver does not currently take into account all the packages that are installed. This behaviour is the source of the following dependency conflicts.
stable-audio-tools 0.0.20 requires alias-free-torch==0.0.6, which is not installed.
stable-audio-tools 0.0.20 requires importlib-resources==5.12.0, which is not installed.
stable-audio-tools 0.0.20 requires nnAudio, which is not installed.
stable-audio-tools 0.0.20 requires PyWavelets==1.4.1, which is not installed.
stable-audio-tools 0.0.20 requires sentencepiece==0.1.99, which is not installed.
stable-audio-tools 0.0.20 requires torchsde, which is not installed.
stable-audio-tools 0.0.20 requires v-diffusion-pytorch==0.0.2, which is not installed.
stable-audio-tools 0.0.20 requires vector-quantize-pytorch==1.14.41, which is not installed.
stable-audio-3 0.1.0 requires torch==2.7.1, but you have torch 2.5.1+cu121 which is incompatible.
stable-audio-3 0.1.0 requires torchaudio==2.7.1, but you have torchaudio 2.5.1+cu121 which is incompatible.
stable-audio-tools 0.0.20 requires torch==2.7.1, but you have torch 2.5.1+cu121 which is incompatible.
stable-audio-tools 0.0.20 requires torchaudio==2.7.1, but you have torchaudio 2.5.1+cu121 which is incompatible.
ace-step 0.2.0 requires transformers==4.50.0, but you have transformers 5.13.0 which is incompatible.
Successfully installed nvidia-cublas-cu12-12.1.3.1 nvidia-cuda-cupti-cu12-12.1.105 nvidia-cuda-nvrtc-cu12-12.1.105 nvidia-cuda-runtime-cu12-12.1.105 nvidia-cudnn-cu12-9.1.0.70 nvidia-cufft-cu12-11.0.2.54 nvidia-curand-cu12-10.3.2.106 nvidia-cusolver-cu12-11.4.5.107 nvidia-cusparse-cu12-12.1.0.106 nvidia-nccl-cu12-2.21.5 nvidia-nvtx-cu12-12.1.105 sympy-1.13.1 torch-2.5.1+cu121 torchaudio-2.5.1+cu121 torchvision-0.20.1+cu121 triton-3.1.0
Traceback (most recent call last):
  File "<stdin>", line 1, in <module>
  File "/XYFS02/HDD_POOL/paratera_xy/pxy1289/HaocunYe/Research/AudioDiffusion_envs/w2-torch251/lib/python3.10/site-packages/torch/__init__.py", line 367, in <module>
    from torch._C import *  # noqa: F403
ImportError: libnvJitLink.so.12: cannot open shared object file: No such file or directory
