.                                                                        [100%]OSError: [Errno 122] Disk quota exceeded

During handling of the above exception, another exception occurred:

Traceback (most recent call last):
  File "/HOME/paratera_xy/pxy1289/.conda/envs/audio-prm/lib/python3.10/runpy.py", line 196, in _run_module_as_main
    return _run_code(code, main_globals, None,
  File "/HOME/paratera_xy/pxy1289/.conda/envs/audio-prm/lib/python3.10/runpy.py", line 86, in _run_code
    exec(code, run_globals)
  File "/HOME/paratera_xy/pxy1289/.local/lib/python3.10/site-packages/pytest/__main__.py", line 9, in <module>
    raise SystemExit(pytest.console_main())
  File "/HOME/paratera_xy/pxy1289/.local/lib/python3.10/site-packages/_pytest/config/__init__.py", line 223, in console_main
    code = main()
  File "/HOME/paratera_xy/pxy1289/.local/lib/python3.10/site-packages/_pytest/config/__init__.py", line 199, in main
    ret: ExitCode | int = config.hook.pytest_cmdline_main(config=config)
  File "/HOME/paratera_xy/pxy1289/.local/lib/python3.10/site-packages/pluggy/_hooks.py", line 512, in __call__
    return self._hookexec(self.name, self._hookimpls.copy(), kwargs, firstresult)
  File "/HOME/paratera_xy/pxy1289/.local/lib/python3.10/site-packages/pluggy/_manager.py", line 120, in _hookexec
    return self._inner_hookexec(hook_name, methods, kwargs, firstresult)
  File "/HOME/paratera_xy/pxy1289/.local/lib/python3.10/site-packages/pluggy/_callers.py", line 167, in _multicall
    raise exception
  File "/HOME/paratera_xy/pxy1289/.local/lib/python3.10/site-packages/pluggy/_callers.py", line 121, in _multicall
    res = hook_impl.function(*args)
  File "/HOME/paratera_xy/pxy1289/.local/lib/python3.10/site-packages/_pytest/main.py", line 365, in pytest_cmdline_main
    return wrap_session(config, _main)
  File "/HOME/paratera_xy/pxy1289/.local/lib/python3.10/site-packages/_pytest/main.py", line 353, in wrap_session
    config.hook.pytest_sessionfinish(
  File "/HOME/paratera_xy/pxy1289/.local/lib/python3.10/site-packages/pluggy/_hooks.py", line 512, in __call__
    return self._hookexec(self.name, self._hookimpls.copy(), kwargs, firstresult)
  File "/HOME/paratera_xy/pxy1289/.local/lib/python3.10/site-packages/pluggy/_manager.py", line 120, in _hookexec
    return self._inner_hookexec(hook_name, methods, kwargs, firstresult)
  File "/HOME/paratera_xy/pxy1289/.local/lib/python3.10/site-packages/pluggy/_callers.py", line 167, in _multicall
    raise exception
  File "/HOME/paratera_xy/pxy1289/.local/lib/python3.10/site-packages/pluggy/_callers.py", line 139, in _multicall
    teardown.throw(exception)
  File "/HOME/paratera_xy/pxy1289/.local/lib/python3.10/site-packages/_pytest/logging.py", line 873, in pytest_sessionfinish
    return (yield)
  File "/HOME/paratera_xy/pxy1289/.local/lib/python3.10/site-packages/pluggy/_callers.py", line 139, in _multicall
    teardown.throw(exception)
  File "/HOME/paratera_xy/pxy1289/.local/lib/python3.10/site-packages/_pytest/terminal.py", line 960, in pytest_sessionfinish
    result = yield
  File "/HOME/paratera_xy/pxy1289/.local/lib/python3.10/site-packages/pluggy/_callers.py", line 139, in _multicall
    teardown.throw(exception)
  File "/HOME/paratera_xy/pxy1289/.local/lib/python3.10/site-packages/_pytest/warnings.py", line 118, in pytest_sessionfinish
    return (yield)
  File "/HOME/paratera_xy/pxy1289/.local/lib/python3.10/site-packages/pluggy/_callers.py", line 121, in _multicall
    res = hook_impl.function(*args)
  File "/HOME/paratera_xy/pxy1289/.local/lib/python3.10/site-packages/_pytest/cacheprovider.py", line 475, in pytest_sessionfinish
    config.cache.set("cache/nodeids", sorted(self.cached_nodeids))
  File "/HOME/paratera_xy/pxy1289/.local/lib/python3.10/site-packages/_pytest/cacheprovider.py", line 200, in set
    with f:
OSError: [Errno 122] Disk quota exceeded
