/HOME/paratera_xy/pxy1289/.conda/envs/audio-prm/lib/python3.10/site-packages/panns_inference/inference.py:55: FutureWarning: You are using `torch.load` with `weights_only=False` (the current default value), which uses the default pickle module implicitly. It is possible to construct malicious pickle data which will execute arbitrary code during unpickling (See https://github.com/pytorch/pytorch/blob/main/SECURITY.md#untrusted-models for more details). In a future release, the default value for `weights_only` will be flipped to `True`. This limits the functions that could be executed during unpickling. Arbitrary objects will no longer be allowed to be loaded via this mode unless they are explicitly allowlisted by the user via `torch.serialization.add_safe_globals`. We recommend you start setting `weights_only=True` for any use case where you don't have full control of the loaded file. Please open an issue on GitHub for any issues related to this experimental feature.
  checkpoint = torch.load(checkpoint_path, map_location=self.device)
/XYFS02/HDD_POOL/paratera_xy/pxy1289/HaocunYe/Research/AudioDiffusion_envs/w2-torch251/lib/python3.10/site-packages/torch/functional.py:534: UserWarning: torch.meshgrid: in an upcoming release, it will be required to pass the indexing argument. (Triggered internally at ../aten/src/ATen/native/TensorShape.cpp:3595.)
  return _VF.meshgrid(tensors, **kwargs)  # type: ignore[attr-defined]
Loading weights:   0%|          | 0/197 [00:00<?, ?it/s]Loading weights: 100%|██████████| 197/197 [00:00<00:00, 11198.00it/s]
[transformers] [1mRobertaModel LOAD REPORT[0m from: /HOME/paratera_xy/pxy1289/source/laion_clap_tokenizers/roberta-base
Key                       | Status     | 
--------------------------+------------+-
lm_head.bias              | UNEXPECTED | 
lm_head.dense.weight      | UNEXPECTED | 
lm_head.layer_norm.weight | UNEXPECTED | 
lm_head.layer_norm.bias   | UNEXPECTED | 
lm_head.dense.bias        | UNEXPECTED | 
pooler.dense.bias         | MISSING    | 
pooler.dense.weight       | MISSING    | 

Notes:
- UNEXPECTED:	can be ignored when loading from different task/architecture; not ok if you expect identical arch.
- MISSING:	those params were newly initialized because missing from the checkpoint. Consider training on your downstream task.
/HOME/paratera_xy/pxy1289/.conda/envs/audio-prm/lib/python3.10/site-packages/audiobox_aesthetics/infer.py:106: FutureWarning: You are using `torch.load` with `weights_only=False` (the current default value), which uses the default pickle module implicitly. It is possible to construct malicious pickle data which will execute arbitrary code during unpickling (See https://github.com/pytorch/pytorch/blob/main/SECURITY.md#untrusted-models for more details). In a future release, the default value for `weights_only` will be flipped to `True`. This limits the functions that could be executed during unpickling. Arbitrary objects will no longer be allowed to be loaded via this mode unless they are explicitly allowlisted by the user via `torch.serialization.add_safe_globals`. We recommend you start setting `weights_only=True` for any use case where you don't have full control of the loaded file. Please open an issue on GitHub for any issues related to this experimental feature.
  ckpt = torch.load(fin, map_location=self.device)
/XYFS02/HDD_POOL/paratera_xy/pxy1289/HaocunYe/Research/AudioDiffusion_envs/w2-torch251/lib/python3.10/site-packages/torch/nn/utils/weight_norm.py:143: FutureWarning: `torch.nn.utils.weight_norm` is deprecated in favor of `torch.nn.utils.parametrizations.weight_norm`.
  WeightNorm.apply(module, name, dim)
/XYFS02/HDD_POOL/paratera_xy/pxy1289/HaocunYe/Research/AudioDiffusion_envs/w2-torch251/lib/python3.10/site-packages/torch/nn/functional.py:5849: UserWarning: Support for mismatched key_padding_mask and attn_mask is deprecated. Use same type for both instead.
  warnings.warn(
/XYFS02/HDD_POOL/paratera_xy/pxy1289/HaocunYe/Research/AudioDiffusion_envs/w2-torch251/lib/python3.10/site-packages/torch/functional.py:704: UserWarning: A window was not provided. A rectangular window will be applied,which is known to cause spectral leakage. Other windows such as torch.hann_window or torch.hamming_window can are recommended to reduce spectral leakage.To suppress this warning and use a rectangular window, explicitly set `window=torch.ones(n_fft, device=<device>)`. (Triggered internally at ../aten/src/ATen/native/SpectralOps.cpp:836.)
  return _VF.stft(  # type: ignore[attr-defined]
Traceback (most recent call last):
  File "/XYFS02/HDD_POOL/paratera_xy/pxy1289/HaocunYe/Research/AudioDiffusion/paper_prep/tier3_bolt_20260715/bolt_gate0.py", line 629, in <module>
    raise SystemExit(main())
  File "/XYFS02/HDD_POOL/paratera_xy/pxy1289/HaocunYe/Research/AudioDiffusion/paper_prep/tier3_bolt_20260715/bolt_gate0.py", line 625, in main
    return int(args.func(args))
  File "/XYFS02/HDD_POOL/paratera_xy/pxy1289/HaocunYe/Research/AudioDiffusion/paper_prep/tier3_bolt_20260715/bolt_gate0.py", line 384, in command_score
    raise RuntimeError(record["error"])
RuntimeError: ValueError: Due to a serious vulnerability issue in `torch.load`, even with `weights_only=True`, we now require users to upgrade torch to at least v2.6 in order to use the function. This version restriction does not apply when loading files with safetensors.
See the vulnerability report here https://nvd.nist.gov/vuln/detail/CVE-2025-32434
